e:\projects\fisptoos\assimpbk\build\contrib\zlib\win32\debug\gzclose.obj
e:\projects\fisptoos\assimpbk\build\contrib\zlib\win32\debug\inffast.obj
e:\projects\fisptoos\assimpbk\build\contrib\zlib\win32\debug\deflate.obj
e:\projects\fisptoos\assimpbk\build\contrib\zlib\win32\debug\trees.obj
e:\projects\fisptoos\assimpbk\build\contrib\zlib\win32\debug\gzread.obj
e:\projects\fisptoos\assimpbk\build\contrib\zlib\win32\debug\uncompr.obj
e:\projects\fisptoos\assimpbk\build\contrib\zlib\win32\debug\adler32.obj
e:\projects\fisptoos\assimpbk\build\contrib\zlib\win32\debug\infback.obj
e:\projects\fisptoos\assimpbk\build\contrib\zlib\win32\debug\gzwrite.obj
e:\projects\fisptoos\assimpbk\build\contrib\zlib\win32\debug\gzlib.obj
e:\projects\fisptoos\assimpbk\build\contrib\zlib\win32\debug\zutil.obj
e:\projects\fisptoos\assimpbk\build\contrib\zlib\win32\debug\crc32.obj
e:\projects\fisptoos\assimpbk\build\contrib\zlib\win32\debug\inftrees.obj
e:\projects\fisptoos\assimpbk\build\contrib\zlib\win32\debug\compress.obj
e:\projects\fisptoos\assimpbk\build\contrib\zlib\win32\debug\inflate.obj
e:\projects\fisptoos\assimpbk\build\contrib\zlib\win32\debug\zlib.pdb
e:\projects\fisptoos\assimpbk\build\win32\debug\zlib.lib
e:\projects\fisptools\assimp\build\contrib\zlib\win32\debug\adler32.obj
e:\projects\fisptools\assimp\build\contrib\zlib\win32\debug\compress.obj
e:\projects\fisptools\assimp\build\contrib\zlib\win32\debug\crc32.obj
e:\projects\fisptools\assimp\build\contrib\zlib\win32\debug\deflate.obj
e:\projects\fisptools\assimp\build\contrib\zlib\win32\debug\gzclose.obj
e:\projects\fisptools\assimp\build\contrib\zlib\win32\debug\gzlib.obj
e:\projects\fisptools\assimp\build\contrib\zlib\win32\debug\gzread.obj
e:\projects\fisptools\assimp\build\contrib\zlib\win32\debug\gzwrite.obj
e:\projects\fisptools\assimp\build\contrib\zlib\win32\debug\infback.obj
e:\projects\fisptools\assimp\build\contrib\zlib\win32\debug\inffast.obj
e:\projects\fisptools\assimp\build\contrib\zlib\win32\debug\inflate.obj
e:\projects\fisptools\assimp\build\contrib\zlib\win32\debug\inftrees.obj
e:\projects\fisptools\assimp\build\contrib\zlib\win32\debug\trees.obj
e:\projects\fisptools\assimp\build\contrib\zlib\win32\debug\uncompr.obj
e:\projects\fisptools\assimp\build\contrib\zlib\win32\debug\zutil.obj
e:\projects\fisptools\assimp\build\contrib\zlib\win32\debug\zlib.pdb
e:\projects\fisptools\assimp\build\win32\debug\zlib.pdb
e:\projects\fisptools\assimp\build\win32\debug\zlib.lib
e:\projects\fisptools\assimp\build\contrib\zlib\win32\debug\zlib.tlog\cl.command.1.tlog
e:\projects\fisptools\assimp\build\contrib\zlib\win32\debug\zlib.tlog\cl.read.1.tlog
e:\projects\fisptools\assimp\build\contrib\zlib\win32\debug\zlib.tlog\cl.write.1.tlog
e:\projects\fisptools\assimp\build\contrib\zlib\win32\debug\zlib.tlog\lib-link.read.1.tlog
e:\projects\fisptools\assimp\build\contrib\zlib\win32\debug\zlib.tlog\lib-link.write.1.tlog
e:\projects\fisptools\assimp\build\contrib\zlib\win32\debug\zlib.tlog\lib.command.1.tlog
