e:\projects\fisptoos\assimp\build\contrib\zlib\x64\release\gzread.obj
e:\projects\fisptoos\assimp\build\contrib\zlib\x64\release\trees.obj
e:\projects\fisptoos\assimp\build\contrib\zlib\x64\release\deflate.obj
e:\projects\fisptoos\assimp\build\contrib\zlib\x64\release\gzclose.obj
e:\projects\fisptoos\assimp\build\contrib\zlib\x64\release\inftrees.obj
e:\projects\fisptoos\assimp\build\contrib\zlib\x64\release\adler32.obj
e:\projects\fisptoos\assimp\build\contrib\zlib\x64\release\infback.obj
e:\projects\fisptoos\assimp\build\contrib\zlib\x64\release\crc32.obj
e:\projects\fisptoos\assimp\build\contrib\zlib\x64\release\inffast.obj
e:\projects\fisptoos\assimp\build\contrib\zlib\x64\release\gzwrite.obj
e:\projects\fisptoos\assimp\build\contrib\zlib\x64\release\zutil.obj
e:\projects\fisptoos\assimp\build\contrib\zlib\x64\release\compress.obj
e:\projects\fisptoos\assimp\build\contrib\zlib\x64\release\inflate.obj
e:\projects\fisptoos\assimp\build\contrib\zlib\x64\release\gzlib.obj
e:\projects\fisptoos\assimp\build\contrib\zlib\x64\release\uncompr.obj
e:\projects\fisptoos\assimp\build\contrib\zlib\cmakefiles\generate.stamp
e:\projects\fisptoos\assimp\build\x64\release\zlib.lib
e:\projects\fisptoos\assimp\build\contrib\zlib\x64\release\zlib.tlog\cl.command.1.tlog
e:\projects\fisptoos\assimp\build\contrib\zlib\x64\release\zlib.tlog\cl.read.1.tlog
e:\projects\fisptoos\assimp\build\contrib\zlib\x64\release\zlib.tlog\cl.write.1.tlog
e:\projects\fisptoos\assimp\build\contrib\zlib\x64\release\zlib.tlog\custombuild.command.1.tlog
e:\projects\fisptoos\assimp\build\contrib\zlib\x64\release\zlib.tlog\custombuild.read.1.tlog
e:\projects\fisptoos\assimp\build\contrib\zlib\x64\release\zlib.tlog\custombuild.write.1.tlog
e:\projects\fisptoos\assimp\build\contrib\zlib\x64\release\zlib.tlog\lib-link.read.1.tlog
e:\projects\fisptoos\assimp\build\contrib\zlib\x64\release\zlib.tlog\lib-link.write.1.tlog
e:\projects\fisptoos\assimp\build\contrib\zlib\x64\release\zlib.tlog\lib.command.1.tlog
