e:\projects\fisptoos\assimpbk\build\contrib\zlib\win32\release\gzwrite.obj
e:\projects\fisptoos\assimpbk\build\contrib\zlib\win32\release\uncompr.obj
e:\projects\fisptoos\assimpbk\build\contrib\zlib\win32\release\gzclose.obj
e:\projects\fisptoos\assimpbk\build\contrib\zlib\win32\release\inffast.obj
e:\projects\fisptoos\assimpbk\build\contrib\zlib\win32\release\compress.obj
e:\projects\fisptoos\assimpbk\build\contrib\zlib\win32\release\inflate.obj
e:\projects\fisptoos\assimpbk\build\contrib\zlib\win32\release\crc32.obj
e:\projects\fisptoos\assimpbk\build\contrib\zlib\win32\release\inftrees.obj
e:\projects\fisptoos\assimpbk\build\contrib\zlib\win32\release\gzread.obj
e:\projects\fisptoos\assimpbk\build\contrib\zlib\win32\release\trees.obj
e:\projects\fisptoos\assimpbk\build\contrib\zlib\win32\release\gzlib.obj
e:\projects\fisptoos\assimpbk\build\contrib\zlib\win32\release\deflate.obj
e:\projects\fisptoos\assimpbk\build\contrib\zlib\win32\release\zutil.obj
e:\projects\fisptoos\assimpbk\build\contrib\zlib\win32\release\adler32.obj
e:\projects\fisptoos\assimpbk\build\contrib\zlib\win32\release\infback.obj
e:\projects\fisptoos\assimpbk\build\win32\release\zlib.lib
e:\projects\fisptools\assimp\build\contrib\zlib\win32\release\adler32.obj
e:\projects\fisptools\assimp\build\contrib\zlib\win32\release\compress.obj
e:\projects\fisptools\assimp\build\contrib\zlib\win32\release\crc32.obj
e:\projects\fisptools\assimp\build\contrib\zlib\win32\release\deflate.obj
e:\projects\fisptools\assimp\build\contrib\zlib\win32\release\gzclose.obj
e:\projects\fisptools\assimp\build\contrib\zlib\win32\release\gzlib.obj
e:\projects\fisptools\assimp\build\contrib\zlib\win32\release\gzread.obj
e:\projects\fisptools\assimp\build\contrib\zlib\win32\release\gzwrite.obj
e:\projects\fisptools\assimp\build\contrib\zlib\win32\release\infback.obj
e:\projects\fisptools\assimp\build\contrib\zlib\win32\release\inffast.obj
e:\projects\fisptools\assimp\build\contrib\zlib\win32\release\inflate.obj
e:\projects\fisptools\assimp\build\contrib\zlib\win32\release\inftrees.obj
e:\projects\fisptools\assimp\build\contrib\zlib\win32\release\trees.obj
e:\projects\fisptools\assimp\build\contrib\zlib\win32\release\uncompr.obj
e:\projects\fisptools\assimp\build\contrib\zlib\win32\release\zutil.obj
e:\projects\fisptools\assimp\build\win32\release\zlib.lib
e:\projects\fisptools\assimp\build\contrib\zlib\win32\release\zlib.tlog\cl.command.1.tlog
e:\projects\fisptools\assimp\build\contrib\zlib\win32\release\zlib.tlog\cl.read.1.tlog
e:\projects\fisptools\assimp\build\contrib\zlib\win32\release\zlib.tlog\cl.write.1.tlog
e:\projects\fisptools\assimp\build\contrib\zlib\win32\release\zlib.tlog\custombuild.command.1.tlog
e:\projects\fisptools\assimp\build\contrib\zlib\win32\release\zlib.tlog\custombuild.read.1.tlog
e:\projects\fisptools\assimp\build\contrib\zlib\win32\release\zlib.tlog\custombuild.write.1.tlog
e:\projects\fisptools\assimp\build\contrib\zlib\win32\release\zlib.tlog\lib-link.read.1.tlog
e:\projects\fisptools\assimp\build\contrib\zlib\win32\release\zlib.tlog\lib-link.write.1.tlog
e:\projects\fisptools\assimp\build\contrib\zlib\win32\release\zlib.tlog\lib.command.1.tlog
